app/build/intermediates/manifest_merge_blame_file/debug/manifest-merger-blame-debug-report.txt
1<?xml version="1.0" encoding="utf-8"?>
2<manifest xmlns:android="http://schemas.android.com/apk/res/android"
3    package="com.example.muyinteresante"
4    android:versionCode="1"
5    android:versionName="1.0" >
6
7    <uses-sdk
8        android:minSdkVersion="21"
8-->src\main\AndroidManifest.xml
9        android:targetSdkVersion="33" />
9-->src\main\AndroidManifest.xml
10
11    <uses-permission android:name="android.permission.INTERNET" />
11-->src\main\AndroidManifest.xml:7:5-66
11-->src\main\AndroidManifest.xml:7:22-64
12    <uses-permission android:name="android.permission.WRITE_EXTERNAL_STORAGE" />
12-->src\main\AndroidManifest.xml:8:2-77
12-->src\main\AndroidManifest.xml:8:19-75
13
14    <application
14-->src\main\AndroidManifest.xml:10:2-28:16
15        android:allowBackup="true"
15-->src\main\AndroidManifest.xml:12:3-29
16        android:appComponentFactory="android.support.v4.app.CoreComponentFactory"
16-->[com.android.support:support-compat:28.0.0] AndroidManifest.xml:22:18-91
17        android:debuggable="true"
18        android:icon="@drawable/ic_launcher"
18-->src\main\AndroidManifest.xml:13:3-39
19        android:label="@string/app_name"
19-->src\main\AndroidManifest.xml:14:3-35
20        android:testOnly="true"
21        android:theme="@style/AppTheme"
21-->src\main\AndroidManifest.xml:15:3-34
22        android:usesCleartextTraffic="true" >
22-->src\main\AndroidManifest.xml:11:3-38
23        <activity
23-->src\main\AndroidManifest.xml:16:3-27:14
24            android:name="com.example.muyinteresante.MainActivity"
24-->src\main\AndroidManifest.xml:17:4-58
25            android:exported="true"
25-->src\main\AndroidManifest.xml:19:4-27
26            android:label="@string/app_name"
26-->src\main\AndroidManifest.xml:18:4-36
27            android:screenOrientation="portrait" >
27-->src\main\AndroidManifest.xml:20:4-40
28            <intent-filter>
28-->src\main\AndroidManifest.xml:22:4-26:20
29                <action android:name="android.intent.action.MAIN" />
29-->src\main\AndroidManifest.xml:23:5-57
29-->src\main\AndroidManifest.xml:23:13-54
30
31                <category android:name="android.intent.category.LAUNCHER" />
31-->src\main\AndroidManifest.xml:25:5-65
31-->src\main\AndroidManifest.xml:25:15-62
32            </intent-filter>
33        </activity>
34    </application>
35
36</manifest>